2017-10-29T15:14:30+00:00 CRITICAL Maximum execution time of 30 seconds exceeded

2017-10-29T15:17:15+00:00 CRITICAL Maximum execution time of 30 seconds exceeded

2017-10-29T15:22:52+00:00 CRITICAL Maximum execution time of 30 seconds exceeded

2017-10-29T15:27:24+00:00 CRITICAL Maximum execution time of 30 seconds exceeded

2017-10-29T15:28:17+00:00 CRITICAL Maximum execution time of 30 seconds exceeded

2017-10-29T15:29:16+00:00 CRITICAL Maximum execution time of 30 seconds exceeded

2017-10-29T15:34:03+00:00 CRITICAL Maximum execution time of 30 seconds exceeded

2017-10-29T16:44:08+00:00 CRITICAL Maximum execution time of 30 seconds exceeded

2017-10-29T16:44:50+00:00 CRITICAL Maximum execution time of 30 seconds exceeded

2017-10-29T16:46:56+00:00 CRITICAL Maximum execution time of 30 seconds exceeded

2017-10-29T16:47:56+00:00 CRITICAL Maximum execution time of 30 seconds exceeded

2017-10-29T17:02:56+00:00 CRITICAL Maximum execution time of 30 seconds exceeded

2017-10-29T17:07:28+00:00 CRITICAL Maximum execution time of 30 seconds exceeded

2017-10-29T17:09:00+00:00 CRITICAL Maximum execution time of 30 seconds exceeded

2017-10-29T18:44:43+00:00 CRITICAL Maximum execution time of 30 seconds exceeded

2017-10-29T19:19:38+00:00 CRITICAL Maximum execution time of 30 seconds exceeded

2017-10-29T19:27:10+00:00 CRITICAL Maximum execution time of 30 seconds exceeded

2017-10-29T19:28:15+00:00 CRITICAL Maximum execution time of 30 seconds exceeded

2017-10-29T20:05:54+00:00 CRITICAL Maximum execution time of 30 seconds exceeded

2017-10-29T20:42:03+00:00 CRITICAL Maximum execution time of 30 seconds exceeded

2017-10-29T22:02:28+00:00 CRITICAL Maximum execution time of 30 seconds exceeded

2017-10-29T22:16:26+00:00 CRITICAL Maximum execution time of 30 seconds exceeded

2017-10-29T22:21:54+00:00 CRITICAL Maximum execution time of 30 seconds exceeded

2017-10-29T22:34:52+00:00 CRITICAL Maximum execution time of 30 seconds exceeded

2017-10-29T22:43:12+00:00 CRITICAL Maximum execution time of 30 seconds exceeded

2017-10-29T22:43:42+00:00 CRITICAL Maximum execution time of 30 seconds exceeded

2017-10-29T22:58:11+00:00 CRITICAL Maximum execution time of 30 seconds exceeded

2017-10-29T23:08:32+00:00 CRITICAL Maximum execution time of 30 seconds exceeded

2017-10-29T23:33:05+00:00 CRITICAL Maximum execution time of 30 seconds exceeded

2017-10-29T23:38:24+00:00 CRITICAL Maximum execution time of 30 seconds exceeded

2017-11-01T19:35:02+00:00 CRITICAL Maximum execution time of 30 seconds exceeded

2017-11-01T20:15:54+00:00 CRITICAL Maximum execution time of 30 seconds exceeded

2017-11-01T20:16:01+00:00 CRITICAL Maximum execution time of 30 seconds exceeded

2017-11-01T21:16:48+00:00 CRITICAL Maximum execution time of 30 seconds exceeded

2017-11-01T21:16:58+00:00 CRITICAL Maximum execution time of 30 seconds exceeded

2017-11-01T22:27:12+00:00 CRITICAL Maximum execution time of 30 seconds exceeded

2017-11-01T23:28:20+00:00 CRITICAL Maximum execution time of 30 seconds exceeded

2017-11-02T00:37:45+00:00 CRITICAL Maximum execution time of 30 seconds exceeded

2017-11-02T01:52:21+00:00 CRITICAL Maximum execution time of 30 seconds exceeded

2017-11-11T17:25:35+00:00 CRITICAL Maximum execution time of 30 seconds exceeded

2017-12-12T23:38:02+00:00 CRITICAL Uncaught exception 'GuzzleHttp\Exception\RequestException' with message 'cURL error 60: SSL certificate problem: unable to get local issuer certificate (see http://curl.haxx.se/libcurl/c/libcurl-errors.html)' in C:\Inetpub\vhosts\Silviana\htdocs\WP\wp-content\plugins\wp-mail-smtp\vendor\guzzlehttp\guzzle\src\Handler\CurlFactory.php:187
Stack trace:
#0 C:\Inetpub\vhosts\Silviana\htdocs\WP\wp-content\plugins\wp-mail-smtp\vendor\guzzlehttp\guzzle\src\Handler\CurlFactory.php(150): GuzzleHttp\Handler\CurlFactory::createRejection(Object(GuzzleHttp\Handler\EasyHandle), Array)
#1 C:\Inetpub\vhosts\Silviana\htdocs\WP\wp-content\plugins\wp-mail-smtp\vendor\guzzlehttp\guzzle\src\Handler\CurlFactory.php(103): GuzzleHttp\Handler\CurlFactory::finishError(Object(GuzzleHttp\Handler\CurlHandler), Object(GuzzleHttp\Handler\EasyHandle), Object(GuzzleHttp\Handler\CurlFactory))
#2 C:\Inetpub\vhosts\Silviana\htdocs\WP\wp-content\plugins\wp-mail-smtp\vendor\guzzlehttp\guzzle\src\Handler\CurlHandler.php(43): GuzzleHttp\Handler\CurlF

2017-12-12T23:38:54+00:00 CRITICAL Uncaught exception 'GuzzleHttp\Exception\RequestException' with message 'cURL error 60: SSL certificate problem: unable to get local issuer certificate (see http://curl.haxx.se/libcurl/c/libcurl-errors.html)' in C:\Inetpub\vhosts\Silviana\htdocs\WP\wp-content\plugins\wp-mail-smtp\vendor\guzzlehttp\guzzle\src\Handler\CurlFactory.php:187
Stack trace:
#0 C:\Inetpub\vhosts\Silviana\htdocs\WP\wp-content\plugins\wp-mail-smtp\vendor\guzzlehttp\guzzle\src\Handler\CurlFactory.php(150): GuzzleHttp\Handler\CurlFactory::createRejection(Object(GuzzleHttp\Handler\EasyHandle), Array)
#1 C:\Inetpub\vhosts\Silviana\htdocs\WP\wp-content\plugins\wp-mail-smtp\vendor\guzzlehttp\guzzle\src\Handler\CurlFactory.php(103): GuzzleHttp\Handler\CurlFactory::finishError(Object(GuzzleHttp\Handler\CurlHandler), Object(GuzzleHttp\Handler\EasyHandle), Object(GuzzleHttp\Handler\CurlFactory))
#2 C:\Inetpub\vhosts\Silviana\htdocs\WP\wp-content\plugins\wp-mail-smtp\vendor\guzzlehttp\guzzle\src\Handler\CurlHandler.php(43): GuzzleHttp\Handler\CurlF

2017-12-12T23:43:59+00:00 CRITICAL Uncaught exception 'GuzzleHttp\Exception\RequestException' with message 'cURL error 60: SSL certificate problem: unable to get local issuer certificate (see http://curl.haxx.se/libcurl/c/libcurl-errors.html)' in C:\Inetpub\vhosts\Silviana\htdocs\WP\wp-content\plugins\wp-mail-smtp\vendor\guzzlehttp\guzzle\src\Handler\CurlFactory.php:187
Stack trace:
#0 C:\Inetpub\vhosts\Silviana\htdocs\WP\wp-content\plugins\wp-mail-smtp\vendor\guzzlehttp\guzzle\src\Handler\CurlFactory.php(150): GuzzleHttp\Handler\CurlFactory::createRejection(Object(GuzzleHttp\Handler\EasyHandle), Array)
#1 C:\Inetpub\vhosts\Silviana\htdocs\WP\wp-content\plugins\wp-mail-smtp\vendor\guzzlehttp\guzzle\src\Handler\CurlFactory.php(103): GuzzleHttp\Handler\CurlFactory::finishError(Object(GuzzleHttp\Handler\CurlHandler), Object(GuzzleHttp\Handler\EasyHandle), Object(GuzzleHttp\Handler\CurlFactory))
#2 C:\Inetpub\vhosts\Silviana\htdocs\WP\wp-content\plugins\wp-mail-smtp\vendor\guzzlehttp\guzzle\src\Handler\CurlHandler.php(43): GuzzleHttp\Handler\CurlF

2017-12-12T23:46:16+00:00 CRITICAL Uncaught exception 'GuzzleHttp\Exception\RequestException' with message 'cURL error 60: SSL certificate problem: unable to get local issuer certificate (see http://curl.haxx.se/libcurl/c/libcurl-errors.html)' in C:\Inetpub\vhosts\Silviana\htdocs\WP\wp-content\plugins\wp-mail-smtp\vendor\guzzlehttp\guzzle\src\Handler\CurlFactory.php:187
Stack trace:
#0 C:\Inetpub\vhosts\Silviana\htdocs\WP\wp-content\plugins\wp-mail-smtp\vendor\guzzlehttp\guzzle\src\Handler\CurlFactory.php(150): GuzzleHttp\Handler\CurlFactory::createRejection(Object(GuzzleHttp\Handler\EasyHandle), Array)
#1 C:\Inetpub\vhosts\Silviana\htdocs\WP\wp-content\plugins\wp-mail-smtp\vendor\guzzlehttp\guzzle\src\Handler\CurlFactory.php(103): GuzzleHttp\Handler\CurlFactory::finishError(Object(GuzzleHttp\Handler\CurlHandler), Object(GuzzleHttp\Handler\EasyHandle), Object(GuzzleHttp\Handler\CurlFactory))
#2 C:\Inetpub\vhosts\Silviana\htdocs\WP\wp-content\plugins\wp-mail-smtp\vendor\guzzlehttp\guzzle\src\Handler\CurlHandler.php(43): GuzzleHttp\Handler\CurlF

2017-12-12T23:47:10+00:00 CRITICAL Uncaught exception 'GuzzleHttp\Exception\RequestException' with message 'cURL error 60: SSL certificate problem: unable to get local issuer certificate (see http://curl.haxx.se/libcurl/c/libcurl-errors.html)' in C:\Inetpub\vhosts\Silviana\htdocs\WP\wp-content\plugins\wp-mail-smtp\vendor\guzzlehttp\guzzle\src\Handler\CurlFactory.php:187
Stack trace:
#0 C:\Inetpub\vhosts\Silviana\htdocs\WP\wp-content\plugins\wp-mail-smtp\vendor\guzzlehttp\guzzle\src\Handler\CurlFactory.php(150): GuzzleHttp\Handler\CurlFactory::createRejection(Object(GuzzleHttp\Handler\EasyHandle), Array)
#1 C:\Inetpub\vhosts\Silviana\htdocs\WP\wp-content\plugins\wp-mail-smtp\vendor\guzzlehttp\guzzle\src\Handler\CurlFactory.php(103): GuzzleHttp\Handler\CurlFactory::finishError(Object(GuzzleHttp\Handler\CurlHandler), Object(GuzzleHttp\Handler\EasyHandle), Object(GuzzleHttp\Handler\CurlFactory))
#2 C:\Inetpub\vhosts\Silviana\htdocs\WP\wp-content\plugins\wp-mail-smtp\vendor\guzzlehttp\guzzle\src\Handler\CurlHandler.php(43): GuzzleHttp\Handler\CurlF

2017-12-12T23:47:39+00:00 CRITICAL Uncaught exception 'GuzzleHttp\Exception\RequestException' with message 'cURL error 60: SSL certificate problem: unable to get local issuer certificate (see http://curl.haxx.se/libcurl/c/libcurl-errors.html)' in C:\Inetpub\vhosts\Silviana\htdocs\WP\wp-content\plugins\wp-mail-smtp\vendor\guzzlehttp\guzzle\src\Handler\CurlFactory.php:187
Stack trace:
#0 C:\Inetpub\vhosts\Silviana\htdocs\WP\wp-content\plugins\wp-mail-smtp\vendor\guzzlehttp\guzzle\src\Handler\CurlFactory.php(150): GuzzleHttp\Handler\CurlFactory::createRejection(Object(GuzzleHttp\Handler\EasyHandle), Array)
#1 C:\Inetpub\vhosts\Silviana\htdocs\WP\wp-content\plugins\wp-mail-smtp\vendor\guzzlehttp\guzzle\src\Handler\CurlFactory.php(103): GuzzleHttp\Handler\CurlFactory::finishError(Object(GuzzleHttp\Handler\CurlHandler), Object(GuzzleHttp\Handler\EasyHandle), Object(GuzzleHttp\Handler\CurlFactory))
#2 C:\Inetpub\vhosts\Silviana\htdocs\WP\wp-content\plugins\wp-mail-smtp\vendor\guzzlehttp\guzzle\src\Handler\CurlHandler.php(43): GuzzleHttp\Handler\CurlF

2017-12-12T23:47:57+00:00 CRITICAL Uncaught exception 'GuzzleHttp\Exception\RequestException' with message 'cURL error 60: SSL certificate problem: unable to get local issuer certificate (see http://curl.haxx.se/libcurl/c/libcurl-errors.html)' in C:\Inetpub\vhosts\Silviana\htdocs\WP\wp-content\plugins\wp-mail-smtp\vendor\guzzlehttp\guzzle\src\Handler\CurlFactory.php:187
Stack trace:
#0 C:\Inetpub\vhosts\Silviana\htdocs\WP\wp-content\plugins\wp-mail-smtp\vendor\guzzlehttp\guzzle\src\Handler\CurlFactory.php(150): GuzzleHttp\Handler\CurlFactory::createRejection(Object(GuzzleHttp\Handler\EasyHandle), Array)
#1 C:\Inetpub\vhosts\Silviana\htdocs\WP\wp-content\plugins\wp-mail-smtp\vendor\guzzlehttp\guzzle\src\Handler\CurlFactory.php(103): GuzzleHttp\Handler\CurlFactory::finishError(Object(GuzzleHttp\Handler\CurlHandler), Object(GuzzleHttp\Handler\EasyHandle), Object(GuzzleHttp\Handler\CurlFactory))
#2 C:\Inetpub\vhosts\Silviana\htdocs\WP\wp-content\plugins\wp-mail-smtp\vendor\guzzlehttp\guzzle\src\Handler\CurlHandler.php(43): GuzzleHttp\Handler\CurlF

2017-12-12T23:48:57+00:00 CRITICAL Uncaught exception 'GuzzleHttp\Exception\RequestException' with message 'cURL error 60: SSL certificate problem: unable to get local issuer certificate (see http://curl.haxx.se/libcurl/c/libcurl-errors.html)' in C:\Inetpub\vhosts\Silviana\htdocs\WP\wp-content\plugins\wp-mail-smtp\vendor\guzzlehttp\guzzle\src\Handler\CurlFactory.php:187
Stack trace:
#0 C:\Inetpub\vhosts\Silviana\htdocs\WP\wp-content\plugins\wp-mail-smtp\vendor\guzzlehttp\guzzle\src\Handler\CurlFactory.php(150): GuzzleHttp\Handler\CurlFactory::createRejection(Object(GuzzleHttp\Handler\EasyHandle), Array)
#1 C:\Inetpub\vhosts\Silviana\htdocs\WP\wp-content\plugins\wp-mail-smtp\vendor\guzzlehttp\guzzle\src\Handler\CurlFactory.php(103): GuzzleHttp\Handler\CurlFactory::finishError(Object(GuzzleHttp\Handler\CurlHandler), Object(GuzzleHttp\Handler\EasyHandle), Object(GuzzleHttp\Handler\CurlFactory))
#2 C:\Inetpub\vhosts\Silviana\htdocs\WP\wp-content\plugins\wp-mail-smtp\vendor\guzzlehttp\guzzle\src\Handler\CurlHandler.php(43): GuzzleHttp\Handler\CurlF

2017-12-12T23:55:07+00:00 CRITICAL Uncaught exception 'GuzzleHttp\Exception\RequestException' with message 'cURL error 60: SSL certificate problem: unable to get local issuer certificate (see http://curl.haxx.se/libcurl/c/libcurl-errors.html)' in C:\Inetpub\vhosts\Silviana\htdocs\WP\wp-content\plugins\wp-mail-smtp\vendor\guzzlehttp\guzzle\src\Handler\CurlFactory.php:187
Stack trace:
#0 C:\Inetpub\vhosts\Silviana\htdocs\WP\wp-content\plugins\wp-mail-smtp\vendor\guzzlehttp\guzzle\src\Handler\CurlFactory.php(150): GuzzleHttp\Handler\CurlFactory::createRejection(Object(GuzzleHttp\Handler\EasyHandle), Array)
#1 C:\Inetpub\vhosts\Silviana\htdocs\WP\wp-content\plugins\wp-mail-smtp\vendor\guzzlehttp\guzzle\src\Handler\CurlFactory.php(103): GuzzleHttp\Handler\CurlFactory::finishError(Object(GuzzleHttp\Handler\CurlHandler), Object(GuzzleHttp\Handler\EasyHandle), Object(GuzzleHttp\Handler\CurlFactory))
#2 C:\Inetpub\vhosts\Silviana\htdocs\WP\wp-content\plugins\wp-mail-smtp\vendor\guzzlehttp\guzzle\src\Handler\CurlHandler.php(43): GuzzleHttp\Handler\CurlF

2018-02-07T04:50:08+00:00 CRITICAL Call to undefined function request_filesystem_credentials()

2018-02-07T17:08:54+00:00 CRITICAL Call to undefined function request_filesystem_credentials()

2018-02-08T08:32:52+00:00 CRITICAL Call to undefined function request_filesystem_credentials()

2018-02-08T17:05:29+00:00 CRITICAL Call to undefined function request_filesystem_credentials()

2018-02-09T05:07:20+00:00 CRITICAL Call to undefined function request_filesystem_credentials()

2018-02-09T16:59:01+00:00 CRITICAL Call to undefined function request_filesystem_credentials()

2018-02-10T04:58:40+00:00 CRITICAL Call to undefined function request_filesystem_credentials()

2018-02-10T18:43:00+00:00 CRITICAL Call to undefined function request_filesystem_credentials()

2018-02-11T10:45:49+00:00 CRITICAL Call to undefined function request_filesystem_credentials()

2018-02-11T17:31:42+00:00 CRITICAL Call to undefined function request_filesystem_credentials()

2018-02-12T05:11:36+00:00 CRITICAL Call to undefined function request_filesystem_credentials()

2018-02-12T17:10:38+00:00 CRITICAL Call to undefined function request_filesystem_credentials()

2018-02-13T05:34:00+00:00 CRITICAL Call to undefined function request_filesystem_credentials()

2018-02-13T16:53:09+00:00 CRITICAL Call to undefined function request_filesystem_credentials()

2018-02-14T05:35:43+00:00 CRITICAL Call to undefined function request_filesystem_credentials()

2018-02-14T17:03:08+00:00 CRITICAL Call to undefined function request_filesystem_credentials()

2018-02-15T05:14:05+00:00 CRITICAL Call to undefined function request_filesystem_credentials()

2018-02-15T17:42:18+00:00 CRITICAL Call to undefined function request_filesystem_credentials()

2018-02-16T05:36:09+00:00 CRITICAL Call to undefined function request_filesystem_credentials()

2018-02-16T17:08:03+00:00 CRITICAL Call to undefined function request_filesystem_credentials()

2018-02-17T05:09:25+00:00 CRITICAL Call to undefined function request_filesystem_credentials()

2018-02-17T17:01:55+00:00 CRITICAL Call to undefined function request_filesystem_credentials()

2018-02-18T05:48:19+00:00 CRITICAL Call to undefined function request_filesystem_credentials()

2018-02-18T17:00:27+00:00 CRITICAL Call to undefined function request_filesystem_credentials()

2018-02-19T05:03:41+00:00 CRITICAL Call to undefined function request_filesystem_credentials()

2018-02-19T17:05:53+00:00 CRITICAL Call to undefined function request_filesystem_credentials()

2018-02-20T05:01:43+00:00 CRITICAL Call to undefined function request_filesystem_credentials()

2018-02-20T16:49:18+00:00 CRITICAL Call to undefined function request_filesystem_credentials()

2018-02-21T04:55:27+00:00 CRITICAL Call to undefined function request_filesystem_credentials()

2018-02-21T17:02:40+00:00 CRITICAL Call to undefined function request_filesystem_credentials()

2018-02-22T05:25:55+00:00 CRITICAL Call to undefined function request_filesystem_credentials()

2018-02-22T17:15:15+00:00 CRITICAL Call to undefined function request_filesystem_credentials()

2018-02-23T04:56:58+00:00 CRITICAL Call to undefined function request_filesystem_credentials()

2018-02-23T16:50:19+00:00 CRITICAL Call to undefined function request_filesystem_credentials()

2018-02-24T05:14:11+00:00 CRITICAL Call to undefined function request_filesystem_credentials()

2018-02-24T16:54:24+00:00 CRITICAL Call to undefined function request_filesystem_credentials()

2018-02-25T05:24:25+00:00 CRITICAL Call to undefined function request_filesystem_credentials()

2018-02-25T16:48:54+00:00 CRITICAL Call to undefined function request_filesystem_credentials()

2018-02-26T05:33:47+00:00 CRITICAL Call to undefined function request_filesystem_credentials()

2018-02-26T17:08:58+00:00 CRITICAL Call to undefined function request_filesystem_credentials()

2018-02-27T04:58:05+00:00 CRITICAL Call to undefined function request_filesystem_credentials()

2018-02-27T17:19:12+00:00 CRITICAL Call to undefined function request_filesystem_credentials()

2018-02-28T04:57:59+00:00 CRITICAL Call to undefined function request_filesystem_credentials()

2018-02-28T18:21:13+00:00 CRITICAL Call to undefined function request_filesystem_credentials()

2018-03-01T08:26:49+00:00 CRITICAL Call to undefined function request_filesystem_credentials()

2018-03-01T16:57:11+00:00 CRITICAL Call to undefined function request_filesystem_credentials()

2018-03-02T07:14:13+00:00 CRITICAL Call to undefined function request_filesystem_credentials()

2018-03-02T20:34:43+00:00 CRITICAL Call to undefined function request_filesystem_credentials()

2018-03-03T05:06:33+00:00 CRITICAL Call to undefined function request_filesystem_credentials()

2018-03-03T17:04:44+00:00 CRITICAL Call to undefined function request_filesystem_credentials()

2018-03-04T08:14:00+00:00 CRITICAL Call to undefined function request_filesystem_credentials()

2018-03-04T17:50:42+00:00 CRITICAL Call to undefined function request_filesystem_credentials()

2018-03-05T06:19:26+00:00 CRITICAL Call to undefined function request_filesystem_credentials()

2018-03-05T16:57:26+00:00 CRITICAL Call to undefined function request_filesystem_credentials()

2018-03-06T05:48:41+00:00 CRITICAL Call to undefined function request_filesystem_credentials()

2018-03-06T17:13:13+00:00 CRITICAL Call to undefined function request_filesystem_credentials()

2018-03-07T05:50:14+00:00 CRITICAL Call to undefined function request_filesystem_credentials()

2018-03-07T16:54:04+00:00 CRITICAL Call to undefined function request_filesystem_credentials()

2018-03-08T05:25:51+00:00 CRITICAL Call to undefined function request_filesystem_credentials()

2018-03-08T16:59:19+00:00 CRITICAL Call to undefined function request_filesystem_credentials()

2018-03-09T07:56:47+00:00 CRITICAL Call to undefined function request_filesystem_credentials()

2018-03-09T16:51:00+00:00 CRITICAL Call to undefined function request_filesystem_credentials()

2018-03-10T06:24:34+00:00 CRITICAL Call to undefined function request_filesystem_credentials()

2018-03-10T17:00:49+00:00 CRITICAL Call to undefined function request_filesystem_credentials()

2018-03-11T05:26:55+00:00 CRITICAL Call to undefined function request_filesystem_credentials()

2018-03-11T16:57:15+00:00 CRITICAL Call to undefined function request_filesystem_credentials()

2018-03-12T04:55:17+00:00 CRITICAL Call to undefined function request_filesystem_credentials()

2018-03-12T19:26:47+00:00 CRITICAL Call to undefined function request_filesystem_credentials()

2018-03-13T05:42:45+00:00 CRITICAL Call to undefined function request_filesystem_credentials()

2018-03-13T20:44:25+00:00 CRITICAL Call to undefined function request_filesystem_credentials()

2018-03-14T04:48:41+00:00 CRITICAL Call to undefined function request_filesystem_credentials()

2018-03-14T17:18:07+00:00 CRITICAL Call to undefined function request_filesystem_credentials()

2018-03-15T06:25:34+00:00 CRITICAL Call to undefined function request_filesystem_credentials()

2018-03-15T17:34:57+00:00 CRITICAL Call to undefined function request_filesystem_credentials()

2018-03-16T08:17:39+00:00 CRITICAL Call to undefined function request_filesystem_credentials()

2018-03-16T17:27:42+00:00 CRITICAL Call to undefined function request_filesystem_credentials()

2018-03-17T07:25:54+00:00 CRITICAL Call to undefined function request_filesystem_credentials()

2018-03-17T17:13:54+00:00 CRITICAL Call to undefined function request_filesystem_credentials()

2018-03-18T05:09:49+00:00 CRITICAL Call to undefined function request_filesystem_credentials()

2018-03-18T17:04:31+00:00 CRITICAL Call to undefined function request_filesystem_credentials()

2018-03-19T08:02:19+00:00 CRITICAL Call to undefined function request_filesystem_credentials()

2018-03-19T18:55:19+00:00 CRITICAL Call to undefined function request_filesystem_credentials()

2018-03-20T05:59:55+00:00 CRITICAL Call to undefined function request_filesystem_credentials()

2018-03-20T17:30:15+00:00 CRITICAL Call to undefined function request_filesystem_credentials()

2018-03-21T05:10:29+00:00 CRITICAL Call to undefined function request_filesystem_credentials()

2018-03-21T18:00:54+00:00 CRITICAL Call to undefined function request_filesystem_credentials()

2018-03-22T05:25:26+00:00 CRITICAL Call to undefined function request_filesystem_credentials()

2018-03-22T17:04:03+00:00 CRITICAL Call to undefined function request_filesystem_credentials()

2018-03-23T06:05:07+00:00 CRITICAL Call to undefined function request_filesystem_credentials()

2018-03-23T16:48:43+00:00 CRITICAL Call to undefined function request_filesystem_credentials()

2018-03-24T06:01:29+00:00 CRITICAL Call to undefined function request_filesystem_credentials()

2018-03-24T17:51:49+00:00 CRITICAL Call to undefined function request_filesystem_credentials()

2018-03-25T04:51:00+00:00 CRITICAL Call to undefined function request_filesystem_credentials()

2018-03-25T17:04:02+00:00 CRITICAL Call to undefined function request_filesystem_credentials()

2018-03-26T05:03:50+00:00 CRITICAL Call to undefined function request_filesystem_credentials()

2018-03-26T19:33:56+00:00 CRITICAL Call to undefined function request_filesystem_credentials()

2018-03-27T06:06:07+00:00 CRITICAL Call to undefined function request_filesystem_credentials()

2018-03-27T17:21:10+00:00 CRITICAL Call to undefined function request_filesystem_credentials()

2018-03-28T06:04:37+00:00 CRITICAL Call to undefined function request_filesystem_credentials()

2018-03-28T19:09:07+00:00 CRITICAL Call to undefined function request_filesystem_credentials()

2018-03-29T05:53:13+00:00 CRITICAL Call to undefined function request_filesystem_credentials()

2018-03-29T17:55:15+00:00 CRITICAL Call to undefined function request_filesystem_credentials()

2018-03-30T14:14:15+00:00 CRITICAL Call to undefined function request_filesystem_credentials()

2018-03-30T16:59:38+00:00 CRITICAL Call to undefined function request_filesystem_credentials()

2018-03-31T08:55:41+00:00 CRITICAL Call to undefined function request_filesystem_credentials()

2018-03-31T17:03:19+00:00 CRITICAL Call to undefined function request_filesystem_credentials()

2018-04-01T05:25:01+00:00 CRITICAL Call to undefined function request_filesystem_credentials()

2018-04-01T16:57:53+00:00 CRITICAL Call to undefined function request_filesystem_credentials()

2018-04-02T08:51:46+00:00 CRITICAL Call to undefined function request_filesystem_credentials()

2018-04-02T18:56:27+00:00 CRITICAL Call to undefined function request_filesystem_credentials()

2018-04-03T04:49:30+00:00 CRITICAL Call to undefined function request_filesystem_credentials()

2018-04-03T17:32:44+00:00 CRITICAL Call to undefined function request_filesystem_credentials()

2018-04-04T05:32:57+00:00 CRITICAL Call to undefined function request_filesystem_credentials()

2018-04-04T18:07:52+00:00 CRITICAL Call to undefined function request_filesystem_credentials()

2018-04-05T05:20:44+00:00 CRITICAL Call to undefined function request_filesystem_credentials()

2018-04-05T18:40:45+00:00 CRITICAL Call to undefined function request_filesystem_credentials()

2018-04-06T05:29:24+00:00 CRITICAL Call to undefined function request_filesystem_credentials()

2018-04-06T17:13:01+00:00 CRITICAL Call to undefined function request_filesystem_credentials()

2018-04-07T05:27:35+00:00 CRITICAL Call to undefined function request_filesystem_credentials()

2018-04-07T18:05:33+00:00 CRITICAL Call to undefined function request_filesystem_credentials()

2018-04-08T05:40:24+00:00 CRITICAL Call to undefined function request_filesystem_credentials()

2018-04-08T16:58:40+00:00 CRITICAL Call to undefined function request_filesystem_credentials()

2018-04-09T06:37:02+00:00 CRITICAL Call to undefined function request_filesystem_credentials()

2018-04-09T17:03:14+00:00 CRITICAL Call to undefined function request_filesystem_credentials()

2018-04-10T05:21:56+00:00 CRITICAL Call to undefined function request_filesystem_credentials()

2018-04-10T17:15:51+00:00 CRITICAL Call to undefined function request_filesystem_credentials()

2018-04-11T05:07:00+00:00 CRITICAL Call to undefined function request_filesystem_credentials()

2018-04-11T17:15:43+00:00 CRITICAL Call to undefined function request_filesystem_credentials()

2018-04-12T05:19:26+00:00 CRITICAL Call to undefined function request_filesystem_credentials()

2018-04-12T18:03:03+00:00 CRITICAL Call to undefined function request_filesystem_credentials()

2018-04-13T05:57:23+00:00 CRITICAL Call to undefined function request_filesystem_credentials()

2018-04-13T16:52:49+00:00 CRITICAL Call to undefined function request_filesystem_credentials()

2018-04-14T05:33:03+00:00 CRITICAL Call to undefined function request_filesystem_credentials()

2018-04-14T17:06:38+00:00 CRITICAL Call to undefined function request_filesystem_credentials()

2018-04-15T06:17:07+00:00 CRITICAL Call to undefined function request_filesystem_credentials()

2018-04-15T16:58:34+00:00 CRITICAL Call to undefined function request_filesystem_credentials()

2018-04-16T05:03:30+00:00 CRITICAL Call to undefined function request_filesystem_credentials()

2018-04-16T17:16:26+00:00 CRITICAL Call to undefined function request_filesystem_credentials()

2018-04-17T06:27:01+00:00 CRITICAL Call to undefined function request_filesystem_credentials()

2018-04-17T18:54:55+00:00 CRITICAL Call to undefined function request_filesystem_credentials()

2018-04-18T09:22:25+00:00 CRITICAL Call to undefined function request_filesystem_credentials()

2018-04-18T17:29:48+00:00 CRITICAL Call to undefined function request_filesystem_credentials()

2018-04-19T05:56:52+00:00 CRITICAL Call to undefined function request_filesystem_credentials()

2018-04-19T17:02:19+00:00 CRITICAL Call to undefined function request_filesystem_credentials()

2018-04-20T04:55:36+00:00 CRITICAL Call to undefined function request_filesystem_credentials()

2018-04-20T16:53:00+00:00 CRITICAL Call to undefined function request_filesystem_credentials()

2018-04-21T05:25:15+00:00 CRITICAL Call to undefined function request_filesystem_credentials()

2018-04-21T17:14:27+00:00 CRITICAL Call to undefined function request_filesystem_credentials()

2018-04-22T04:58:22+00:00 CRITICAL Call to undefined function request_filesystem_credentials()

2018-04-22T17:08:30+00:00 CRITICAL Call to undefined function request_filesystem_credentials()

2018-04-23T05:02:51+00:00 CRITICAL Call to undefined function request_filesystem_credentials()

2018-04-23T16:48:31+00:00 CRITICAL Call to undefined function request_filesystem_credentials()

2018-04-24T06:24:56+00:00 CRITICAL Call to undefined function request_filesystem_credentials()

2018-04-24T19:24:46+00:00 CRITICAL Call to undefined function request_filesystem_credentials()

2018-04-25T06:18:46+00:00 CRITICAL Call to undefined function request_filesystem_credentials()

2018-04-25T17:45:40+00:00 CRITICAL Call to undefined function request_filesystem_credentials()

2018-04-26T04:54:36+00:00 CRITICAL Call to undefined function request_filesystem_credentials()

2018-04-26T19:33:29+00:00 CRITICAL Call to undefined function request_filesystem_credentials()

2018-04-27T04:52:41+00:00 CRITICAL Call to undefined function request_filesystem_credentials()

2018-04-27T17:31:28+00:00 CRITICAL Call to undefined function request_filesystem_credentials()

2018-04-28T05:29:00+00:00 CRITICAL Call to undefined function request_filesystem_credentials()

2018-04-28T18:09:23+00:00 CRITICAL Call to undefined function request_filesystem_credentials()

2018-04-29T06:27:24+00:00 CRITICAL Call to undefined function request_filesystem_credentials()

2018-04-29T16:52:28+00:00 CRITICAL Call to undefined function request_filesystem_credentials()

2018-04-30T04:58:26+00:00 CRITICAL Call to undefined function request_filesystem_credentials()

2018-04-30T17:30:14+00:00 CRITICAL Call to undefined function request_filesystem_credentials()

2018-05-01T06:31:42+00:00 CRITICAL Call to undefined function request_filesystem_credentials()

2018-05-01T18:17:40+00:00 CRITICAL Call to undefined function request_filesystem_credentials()

2018-05-02T06:11:32+00:00 CRITICAL Call to undefined function request_filesystem_credentials()

2018-05-02T16:51:27+00:00 CRITICAL Call to undefined function request_filesystem_credentials()

2018-05-03T04:51:26+00:00 CRITICAL Call to undefined function request_filesystem_credentials()

2018-05-03T17:11:47+00:00 CRITICAL Call to undefined function request_filesystem_credentials()

2018-05-04T07:06:48+00:00 CRITICAL Call to undefined function request_filesystem_credentials()

2018-05-04T17:25:54+00:00 CRITICAL Call to undefined function request_filesystem_credentials()

2018-05-05T04:49:02+00:00 CRITICAL Call to undefined function request_filesystem_credentials()

2018-05-05T17:08:38+00:00 CRITICAL Call to undefined function request_filesystem_credentials()

2018-05-06T05:02:16+00:00 CRITICAL Call to undefined function request_filesystem_credentials()

2018-05-06T17:14:52+00:00 CRITICAL Call to undefined function request_filesystem_credentials()

2018-05-07T06:21:25+00:00 CRITICAL Call to undefined function request_filesystem_credentials()

2018-05-07T17:12:32+00:00 CRITICAL Call to undefined function request_filesystem_credentials()

2018-05-08T05:26:05+00:00 CRITICAL Call to undefined function request_filesystem_credentials()

2018-05-08T19:41:44+00:00 CRITICAL Call to undefined function request_filesystem_credentials()

2018-05-09T05:18:43+00:00 CRITICAL Call to undefined function request_filesystem_credentials()

2018-05-09T16:57:30+00:00 CRITICAL Call to undefined function request_filesystem_credentials()

2018-05-10T05:48:43+00:00 CRITICAL Call to undefined function request_filesystem_credentials()

2018-05-10T17:19:02+00:00 CRITICAL Call to undefined function request_filesystem_credentials()

2018-05-11T04:52:35+00:00 CRITICAL Call to undefined function request_filesystem_credentials()

2018-05-11T16:55:24+00:00 CRITICAL Call to undefined function request_filesystem_credentials()

2018-05-12T05:02:12+00:00 CRITICAL Call to undefined function request_filesystem_credentials()

2018-05-12T17:01:49+00:00 CRITICAL Call to undefined function request_filesystem_credentials()

2018-05-13T04:50:31+00:00 CRITICAL Call to undefined function request_filesystem_credentials()

2018-05-13T17:34:54+00:00 CRITICAL Call to undefined function request_filesystem_credentials()

2018-05-14T05:27:06+00:00 CRITICAL Call to undefined function request_filesystem_credentials()

2018-05-14T17:01:20+00:00 CRITICAL Call to undefined function request_filesystem_credentials()

2018-05-15T06:16:16+00:00 CRITICAL Call to undefined function request_filesystem_credentials()

2018-05-15T17:04:35+00:00 CRITICAL Call to undefined function request_filesystem_credentials()

2018-05-16T05:50:58+00:00 CRITICAL Call to undefined function request_filesystem_credentials()

2018-05-16T16:55:12+00:00 CRITICAL Call to undefined function request_filesystem_credentials()

2018-05-17T05:37:20+00:00 CRITICAL Call to undefined function request_filesystem_credentials()

2018-05-17T16:50:38+00:00 CRITICAL Call to undefined function request_filesystem_credentials()

2018-05-18T07:55:59+00:00 CRITICAL Call to undefined function request_filesystem_credentials()

2018-05-18T17:19:48+00:00 CRITICAL Call to undefined function request_filesystem_credentials()

2018-05-19T06:46:27+00:00 CRITICAL Call to undefined function request_filesystem_credentials()

2018-05-19T17:07:23+00:00 CRITICAL Call to undefined function request_filesystem_credentials()

2018-05-20T04:51:13+00:00 CRITICAL Call to undefined function request_filesystem_credentials()

2018-05-20T17:23:33+00:00 CRITICAL Call to undefined function request_filesystem_credentials()

2018-05-21T05:11:15+00:00 CRITICAL Call to undefined function request_filesystem_credentials()

2018-05-21T16:49:46+00:00 CRITICAL Call to undefined function request_filesystem_credentials()

2018-05-22T08:34:27+00:00 CRITICAL Call to undefined function request_filesystem_credentials()

2018-05-22T17:03:41+00:00 CRITICAL Call to undefined function request_filesystem_credentials()

2018-05-23T05:15:49+00:00 CRITICAL Call to undefined function request_filesystem_credentials()

2018-05-23T17:03:30+00:00 CRITICAL Call to undefined function request_filesystem_credentials()

2018-05-24T08:32:32+00:00 CRITICAL Call to undefined function request_filesystem_credentials()

2018-05-25T00:22:28+00:00 CRITICAL Call to undefined function request_filesystem_credentials()

2018-05-25T07:44:21+00:00 CRITICAL Call to undefined function request_filesystem_credentials()

2018-05-25T17:42:04+00:00 CRITICAL Call to undefined function request_filesystem_credentials()

2018-05-26T05:15:01+00:00 CRITICAL Call to undefined function request_filesystem_credentials()

2018-05-26T17:31:49+00:00 CRITICAL Call to undefined function request_filesystem_credentials()

2018-05-27T06:10:40+00:00 CRITICAL Call to undefined function request_filesystem_credentials()

2018-05-27T21:05:09+00:00 CRITICAL Call to undefined function request_filesystem_credentials()

2018-05-28T05:17:35+00:00 CRITICAL Call to undefined function request_filesystem_credentials()

2018-05-28T18:01:00+00:00 CRITICAL Call to undefined function request_filesystem_credentials()

2018-05-29T04:59:07+00:00 CRITICAL Call to undefined function request_filesystem_credentials()

2018-05-29T16:52:38+00:00 CRITICAL Call to undefined function request_filesystem_credentials()

2018-05-30T05:26:48+00:00 CRITICAL Call to undefined function request_filesystem_credentials()

2018-05-30T16:52:27+00:00 CRITICAL Call to undefined function request_filesystem_credentials()

2018-05-31T06:39:26+00:00 CRITICAL Call to undefined function request_filesystem_credentials()

2018-05-31T17:28:09+00:00 CRITICAL Call to undefined function request_filesystem_credentials()

2018-06-01T05:21:39+00:00 CRITICAL Call to undefined function request_filesystem_credentials()

2018-06-01T17:18:33+00:00 CRITICAL Call to undefined function request_filesystem_credentials()

2018-06-02T07:45:39+00:00 CRITICAL Call to undefined function request_filesystem_credentials()

2018-06-02T19:48:50+00:00 CRITICAL Call to undefined function request_filesystem_credentials()

2018-06-03T05:59:42+00:00 CRITICAL Call to undefined function request_filesystem_credentials()

2018-06-03T17:03:53+00:00 CRITICAL Call to undefined function request_filesystem_credentials()

2018-06-04T05:10:30+00:00 CRITICAL Call to undefined function request_filesystem_credentials()

2018-06-04T17:17:45+00:00 CRITICAL Call to undefined function request_filesystem_credentials()

2018-06-05T05:42:26+00:00 CRITICAL Call to undefined function request_filesystem_credentials()

2018-06-05T16:57:11+00:00 CRITICAL Call to undefined function request_filesystem_credentials()

2018-06-06T04:54:57+00:00 CRITICAL Call to undefined function request_filesystem_credentials()

2018-06-06T17:07:36+00:00 CRITICAL Call to undefined function request_filesystem_credentials()

2018-06-07T05:30:56+00:00 CRITICAL Call to undefined function request_filesystem_credentials()

2018-06-07T16:57:57+00:00 CRITICAL Call to undefined function request_filesystem_credentials()

2018-06-08T05:06:08+00:00 CRITICAL Call to undefined function request_filesystem_credentials()

2018-06-08T17:21:57+00:00 CRITICAL Call to undefined function request_filesystem_credentials()

2018-06-09T05:32:45+00:00 CRITICAL Call to undefined function request_filesystem_credentials()

2018-06-09T16:53:38+00:00 CRITICAL Call to undefined function request_filesystem_credentials()

2018-06-10T06:51:21+00:00 CRITICAL Call to undefined function request_filesystem_credentials()

2018-06-10T16:58:49+00:00 CRITICAL Call to undefined function request_filesystem_credentials()

2018-06-11T05:35:21+00:00 CRITICAL Call to undefined function request_filesystem_credentials()

2018-06-11T17:59:47+00:00 CRITICAL Call to undefined function request_filesystem_credentials()

2018-06-12T06:24:56+00:00 CRITICAL Call to undefined function request_filesystem_credentials()

2018-06-12T17:17:44+00:00 CRITICAL Call to undefined function request_filesystem_credentials()

2018-06-13T05:41:05+00:00 CRITICAL Call to undefined function request_filesystem_credentials()

2018-06-13T19:19:42+00:00 CRITICAL Call to undefined function request_filesystem_credentials()

2018-06-14T06:10:31+00:00 CRITICAL Call to undefined function request_filesystem_credentials()

2018-06-14T17:16:47+00:00 CRITICAL Call to undefined function request_filesystem_credentials()

2018-06-15T06:34:22+00:00 CRITICAL Call to undefined function request_filesystem_credentials()

2018-06-15T17:16:10+00:00 CRITICAL Call to undefined function request_filesystem_credentials()

2018-06-16T05:39:19+00:00 CRITICAL Call to undefined function request_filesystem_credentials()

2018-06-16T20:53:21+00:00 CRITICAL Call to undefined function request_filesystem_credentials()

2018-06-17T06:21:05+00:00 CRITICAL Call to undefined function request_filesystem_credentials()

2018-06-17T16:56:35+00:00 CRITICAL Call to undefined function request_filesystem_credentials()

2018-06-18T05:21:15+00:00 CRITICAL Call to undefined function request_filesystem_credentials()

2018-06-18T17:20:12+00:00 CRITICAL Call to undefined function request_filesystem_credentials()

2018-06-19T04:50:07+00:00 CRITICAL Call to undefined function request_filesystem_credentials()

2018-06-19T17:33:16+00:00 CRITICAL Call to undefined function request_filesystem_credentials()

2018-06-20T04:52:59+00:00 CRITICAL Call to undefined function request_filesystem_credentials()

2018-06-20T17:22:25+00:00 CRITICAL Call to undefined function request_filesystem_credentials()

2018-06-21T05:27:29+00:00 CRITICAL Call to undefined function request_filesystem_credentials()

2018-06-21T18:09:07+00:00 CRITICAL Call to undefined function request_filesystem_credentials()

2018-06-22T05:41:32+00:00 CRITICAL Call to undefined function request_filesystem_credentials()

2018-06-22T17:06:33+00:00 CRITICAL Call to undefined function request_filesystem_credentials()

2018-06-23T04:58:32+00:00 CRITICAL Call to undefined function request_filesystem_credentials()

2018-06-23T18:32:14+00:00 CRITICAL Call to undefined function request_filesystem_credentials()

2018-06-24T04:58:45+00:00 CRITICAL Call to undefined function request_filesystem_credentials()

2018-06-28T08:07:23+00:00 CRITICAL Call to undefined function request_filesystem_credentials()

2018-06-28T17:02:01+00:00 CRITICAL Call to undefined function request_filesystem_credentials()

2018-06-29T05:32:39+00:00 CRITICAL Call to undefined function request_filesystem_credentials()

2018-06-29T20:17:56+00:00 CRITICAL Call to undefined function request_filesystem_credentials()

2018-06-30T05:42:17+00:00 CRITICAL Call to undefined function request_filesystem_credentials()

2018-06-30T16:55:39+00:00 CRITICAL Call to undefined function request_filesystem_credentials()

2018-07-01T05:05:05+00:00 CRITICAL Call to undefined function request_filesystem_credentials()

2018-07-01T17:00:47+00:00 CRITICAL Call to undefined function request_filesystem_credentials()

2018-07-02T05:45:45+00:00 CRITICAL Call to undefined function request_filesystem_credentials()

2018-07-02T18:25:19+00:00 CRITICAL Call to undefined function request_filesystem_credentials()

2018-07-03T12:24:50+00:00 CRITICAL Call to undefined function request_filesystem_credentials()

2018-07-03T17:25:48+00:00 CRITICAL Call to undefined function request_filesystem_credentials()

2018-07-03T19:11:55+00:00 CRITICAL Call to undefined function request_filesystem_credentials()

2018-07-03T20:14:49+00:00 CRITICAL Call to undefined function request_filesystem_credentials()

2018-07-03T23:57:02+00:00 CRITICAL Call to undefined function request_filesystem_credentials()

2018-07-04T02:22:12+00:00 CRITICAL Call to undefined function request_filesystem_credentials()

2018-07-04T05:10:41+00:00 CRITICAL Call to undefined function request_filesystem_credentials()

2018-07-04T05:43:45+00:00 CRITICAL Call to undefined function request_filesystem_credentials()

2018-07-04T06:51:18+00:00 CRITICAL Call to undefined function request_filesystem_credentials()

2018-07-04T07:53:20+00:00 CRITICAL Call to undefined function request_filesystem_credentials()

2018-07-04T09:03:55+00:00 CRITICAL Call to undefined function request_filesystem_credentials()

2018-07-04T10:22:27+00:00 CRITICAL Call to undefined function request_filesystem_credentials()

2018-07-04T11:33:13+00:00 CRITICAL Call to undefined function request_filesystem_credentials()

2018-07-04T14:01:23+00:00 CRITICAL Call to undefined function request_filesystem_credentials()

2018-07-04T18:37:48+00:00 CRITICAL Call to undefined function request_filesystem_credentials()

2018-07-04T20:25:25+00:00 CRITICAL Call to undefined function request_filesystem_credentials()

2018-07-04T22:17:36+00:00 CRITICAL Call to undefined function request_filesystem_credentials()

2018-07-05T00:04:59+00:00 CRITICAL Call to undefined function request_filesystem_credentials()

2018-07-05T02:37:01+00:00 CRITICAL Call to undefined function request_filesystem_credentials()

2018-07-05T04:56:23+00:00 CRITICAL Call to undefined function request_filesystem_credentials()

2018-07-05T05:12:19+00:00 CRITICAL Call to undefined function request_filesystem_credentials()

2018-07-05T06:51:04+00:00 CRITICAL Call to undefined function request_filesystem_credentials()

2018-07-05T09:23:58+00:00 CRITICAL Call to undefined function request_filesystem_credentials()

2018-07-05T13:22:55+00:00 CRITICAL Call to undefined function request_filesystem_credentials()

2018-07-05T14:26:42+00:00 CRITICAL Call to undefined function request_filesystem_credentials()

2018-07-05T15:38:59+00:00 CRITICAL Call to undefined function request_filesystem_credentials()

2018-07-05T18:16:55+00:00 CRITICAL Call to undefined function request_filesystem_credentials()

2018-07-06T05:54:16+00:00 CRITICAL Call to undefined function request_filesystem_credentials()

2018-07-06T17:01:17+00:00 CRITICAL Call to undefined function request_filesystem_credentials()

2018-07-07T05:10:55+00:00 CRITICAL Call to undefined function request_filesystem_credentials()

2018-07-07T17:06:18+00:00 CRITICAL Call to undefined function request_filesystem_credentials()

2018-07-08T05:44:23+00:00 CRITICAL Call to undefined function request_filesystem_credentials()

2018-07-08T17:41:22+00:00 CRITICAL Call to undefined function request_filesystem_credentials()

2018-07-09T05:37:01+00:00 CRITICAL Call to undefined function request_filesystem_credentials()

2018-07-09T18:25:37+00:00 CRITICAL Call to undefined function request_filesystem_credentials()

2018-07-10T05:34:27+00:00 CRITICAL Call to undefined function request_filesystem_credentials()

2018-07-10T17:14:09+00:00 CRITICAL Call to undefined function request_filesystem_credentials()

2018-07-11T04:52:26+00:00 CRITICAL Call to undefined function request_filesystem_credentials()

2018-07-11T16:54:14+00:00 CRITICAL Call to undefined function request_filesystem_credentials()

2018-07-12T05:52:18+00:00 CRITICAL Call to undefined function request_filesystem_credentials()

2018-07-12T16:57:55+00:00 CRITICAL Call to undefined function request_filesystem_credentials()

2018-07-13T05:27:52+00:00 CRITICAL Call to undefined function request_filesystem_credentials()

2018-07-13T16:49:58+00:00 CRITICAL Call to undefined function request_filesystem_credentials()

2018-07-14T04:56:15+00:00 CRITICAL Call to undefined function request_filesystem_credentials()

2018-07-14T17:53:26+00:00 CRITICAL Call to undefined function request_filesystem_credentials()

2018-07-15T05:07:45+00:00 CRITICAL Call to undefined function request_filesystem_credentials()

2018-07-15T16:48:40+00:00 CRITICAL Call to undefined function request_filesystem_credentials()

2018-07-16T05:32:06+00:00 CRITICAL Call to undefined function request_filesystem_credentials()

2018-07-16T17:04:31+00:00 CRITICAL Call to undefined function request_filesystem_credentials()

2018-07-17T06:48:53+00:00 CRITICAL Call to undefined function request_filesystem_credentials()

2018-07-17T16:54:07+00:00 CRITICAL Call to undefined function request_filesystem_credentials()

2018-07-18T06:15:58+00:00 CRITICAL Call to undefined function request_filesystem_credentials()

2018-07-18T19:16:42+00:00 CRITICAL Call to undefined function request_filesystem_credentials()

2018-07-19T06:58:56+00:00 CRITICAL Call to undefined function request_filesystem_credentials()

2018-07-19T17:47:14+00:00 CRITICAL Call to undefined function request_filesystem_credentials()

2018-07-20T04:52:26+00:00 CRITICAL Call to undefined function request_filesystem_credentials()

2018-07-20T17:02:39+00:00 CRITICAL Call to undefined function request_filesystem_credentials()

2018-07-21T04:58:35+00:00 CRITICAL Call to undefined function request_filesystem_credentials()

2018-07-21T17:24:09+00:00 CRITICAL Call to undefined function request_filesystem_credentials()

2018-07-22T05:17:00+00:00 CRITICAL Call to undefined function request_filesystem_credentials()

2018-07-22T16:54:22+00:00 CRITICAL Call to undefined function request_filesystem_credentials()

2018-07-23T06:05:51+00:00 CRITICAL Call to undefined function request_filesystem_credentials()

2018-07-23T17:19:51+00:00 CRITICAL Call to undefined function request_filesystem_credentials()

2018-07-24T05:24:32+00:00 CRITICAL Call to undefined function request_filesystem_credentials()

2018-07-24T18:30:35+00:00 CRITICAL Call to undefined function request_filesystem_credentials()

2018-07-25T05:08:48+00:00 CRITICAL Call to undefined function request_filesystem_credentials()

2018-07-25T16:51:08+00:00 CRITICAL Call to undefined function request_filesystem_credentials()

2018-07-26T04:48:41+00:00 CRITICAL Call to undefined function request_filesystem_credentials()

2018-07-26T16:53:52+00:00 CRITICAL Call to undefined function request_filesystem_credentials()

